*** Using Compiler 'V5.06 update 6 (build 750)', folder: 'D:\AppT_1001\keil\ARM\ARMCC\Bin'
Build target 'ICPT_Rx'
assembling startup_stm32f334x8.s...
compiling usart.c...
compiling stm32f3xx_hal_adc.c...
compiling stm32f3xx_it.c...
compiling main.c...
../Core/Src/main.c(107): warning:  #188-D: enumerated type mixed with another type
    LED_R(1);
../Core/Src/main.c(108): warning:  #188-D: enumerated type mixed with another type
    LED_G(1);
../Core/Src/main.c(109): warning:  #188-D: enumerated type mixed with another type
    LED_B(1);
../Core/Src/main.c(125): warning:  #188-D: enumerated type mixed with another type
    LED_R(0);
../Core/Src/main.c(126): warning:  #188-D: enumerated type mixed with another type
    LED_B(0);
../Core/Src/main.c: 5 warnings, 0 errors
compiling tim.c...
compiling can.c...
compiling gpio.c...
compiling dma.c...
compiling adc.c...
compiling stm32f3xx_hal_msp.c...
compiling stm32f3xx_hal_adc_ex.c...
compiling stm32f3xx_hal.c...
compiling stm32f3xx_hal_cortex.c...
compiling stm32f3xx_hal_dma.c...
compiling stm32f3xx_hal_rcc_ex.c...
compiling stm32f3xx_hal_gpio.c...
compiling stm32f3xx_hal_pwr_ex.c...
compiling stm32f3xx_hal_pwr.c...
compiling stm32f3xx_hal_flash_ex.c...
compiling stm32f3xx_hal_flash.c...
compiling stm32f3xx_hal_rcc.c...
compiling temp.c...
compiling stm32f3xx_hal_i2c.c...
compiling stm32f3xx_hal_uart_ex.c...
compiling stm32f3xx_hal_i2c_ex.c...
compiling oled.c...
..\app\oled.c(8): warning:  #188-D: enumerated type mixed with another type
  	OLED_W_SCL(1);
..\app\oled.c(9): warning:  #188-D: enumerated type mixed with another type
  	OLED_W_SDA(1);
..\app\oled.c(19): warning:  #188-D: enumerated type mixed with another type
  	OLED_W_SDA(1);
..\app\oled.c(20): warning:  #188-D: enumerated type mixed with another type
  	OLED_W_SCL(1);
..\app\oled.c(21): warning:  #188-D: enumerated type mixed with another type
  	OLED_W_SDA(0);
..\app\oled.c(22): warning:  #188-D: enumerated type mixed with another type
  	OLED_W_SCL(0);
..\app\oled.c(32): warning:  #188-D: enumerated type mixed with another type
  	OLED_W_SDA(0);
..\app\oled.c(33): warning:  #188-D: enumerated type mixed with another type
  	OLED_W_SCL(1);
..\app\oled.c(34): warning:  #188-D: enumerated type mixed with another type
  	OLED_W_SDA(1);
..\app\oled.c(47): warning:  #188-D: enumerated type mixed with another type
  		OLED_W_SDA(Byte & (0x80 >> i));
..\app\oled.c(48): warning:  #188-D: enumerated type mixed with another type
  		OLED_W_SCL(1);
..\app\oled.c(49): warning:  #188-D: enumerated type mixed with another type
  		OLED_W_SCL(0);
..\app\oled.c(51): warning:  #188-D: enumerated type mixed with another type
  	OLED_W_SCL(1);	//额外的一个时钟，不处理应答信号
..\app\oled.c(52): warning:  #188-D: enumerated type mixed with another type
  	OLED_W_SCL(0);
..\app\oled.c: 14 warnings, 0 errors
compiling connect.c...
compiling stm32f3xx_hal_can.c...
compiling stm32f3xx_hal_exti.c...
compiling system_stm32f3xx.c...
compiling stm32f3xx_hal_tim_ex.c...
compiling stm32f3xx_hal_uart.c...
compiling stm32f3xx_hal_tim.c...
compiling exit.c...
..\app\exit.c(26): warning:  #188-D: enumerated type mixed with another type
          LED_B(1);
..\app\exit.c(52): warning:  #188-D: enumerated type mixed with another type
          LED_B(0);
..\app\exit.c(66): warning:  #188-D: enumerated type mixed with another type
              LED_R(1);
..\app\exit.c(71): warning:  #188-D: enumerated type mixed with another type
              LED_R(0);
..\app\exit.c: 4 warnings, 0 errors
compiling mathfun.c...
..\app\mathfun.c(204): warning:  #1-D: last line of file ends without a newline
  }
..\app\mathfun.c: 1 warning, 0 errors
compiling sample.c...
linking...
ICPT_Rx\ICPT_Rx.axf: Error: L6218E: Undefined symbol TMP_Alert_Config (referred from main.o).
ICPT_Rx\ICPT_Rx.axf: Error: L6218E: Undefined symbol TMP_Init (referred from main.o).
Not enough information to list image symbols.
Not enough information to list load addresses in the image map.
Finished: 2 information, 0 warning and 2 error messages.
"ICPT_Rx\ICPT_Rx.axf" - 2 Error(s), 24 Warning(s).
Target not created.
Build Time Elapsed:  00:00:18
